Info: ili2c-5.6.3-720ae8bf5621734004b9d234fde4d2fe9556b943
Info: lookup model <GeometryCHLV95_V2> 2.4 in repository <D:\_SOURCE\blw-ofag-ufag-Kulturflaechen\./>
Info: lookup model <GeometryCHLV95_V2> 2.4 in repository <http://models.interlis.ch/>
Info: lookup model <GeometryCHLV95_V2> 2.4 in repository <http://models.geo.admin.ch/>
Info: lookup model <CatalogueObjects_V2> 2.4 in repository <D:\_SOURCE\blw-ofag-ufag-Kulturflaechen\./>
Info: lookup model <CatalogueObjects_V2> 2.4 in repository <http://models.interlis.ch/>
Info: lookup model <CatalogueObjects_V2> 2.4 in repository <http://models.geo.admin.ch/>
Info: lookup model <CHAdminCodes_V2> 2.4 in repository <D:\_SOURCE\blw-ofag-ufag-Kulturflaechen\./>
Info: lookup model <CHAdminCodes_V2> 2.4 in repository <http://models.interlis.ch/>
Info: lookup model <CHAdminCodes_V2> 2.4 in repository <http://models.geo.admin.ch/>
Info: lookup model <LocalisationCH_V2> 2.4 in repository <D:\_SOURCE\blw-ofag-ufag-Kulturflaechen\./>
Info: lookup model <LocalisationCH_V2> 2.4 in repository <http://models.interlis.ch/>
Info: lookup model <LocalisationCH_V2> 2.4 in repository <http://models.geo.admin.ch/>
Info: lookup model <Units> 2.4 in repository <D:\_SOURCE\blw-ofag-ufag-Kulturflaechen\./>
Info: lookup model <Units> 2.4 in repository <http://models.interlis.ch/>
Info: lookup model <CoordSys> 2.4 in repository <D:\_SOURCE\blw-ofag-ufag-Kulturflaechen\./>
Info: lookup model <CoordSys> 2.4 in repository <http://models.interlis.ch/>
Info: ilifile <C:\Users\ogrimm\.ilicache\models.interlis.ch\refhb24\CoordSys.ili>
Info: ilifile <C:\Users\ogrimm\.ilicache\models.geo.admin.ch\CH\CHBase_Part3_CATALOGUEOBJECTS_V2.ili>
Info: ilifile <C:\Users\ogrimm\.ilicache\models.interlis.ch\refhb24\Units.ili>
Info: ilifile <C:\Users\ogrimm\.ilicache\models.geo.admin.ch\CH\CHBase_Part2_LOCALISATION_V2.ili>
Info: ilifile <C:\Users\ogrimm\.ilicache\models.geo.admin.ch\CH\CHBase_Part1_GEOMETRY_V2.ili>
Info: ilifile <C:\Users\ogrimm\.ilicache\models.geo.admin.ch\CH\CHBase_Part4_ADMINISTRATIVEUNITS_V2.ili>
Info: ilifile <.\LWB_Regionale_Biodiversitaet_Landschaftsqualitaet_V1_0.ili>
Info: ...compiler run done 2025-05-12 09:54:26